2026-01-01 12:31:43 INFO  Utils:112 - [TestNG] Running:
  D:\Asheesh_Project\OpencartV121\master.xml

2026-01-01 12:31:46 INFO  TC_001_AccountRegistrationTest:15 - Strating TC_001_AccountRegistrationtTest
2026-01-01 12:31:46 INFO  TC_001_AccountRegistrationTest:19 - Clicked on My Account 
2026-01-01 12:31:47 INFO  TC_001_AccountRegistrationTest:22 - Clicked on Register 
2026-01-01 12:31:47 INFO  TC_001_AccountRegistrationTest:27 - Provided First Name 
2026-01-01 12:31:47 INFO  TC_001_AccountRegistrationTest:30 - Provided Last Name 
2026-01-01 12:31:47 INFO  TC_001_AccountRegistrationTest:34 - Provided Email 
2026-01-01 12:31:47 INFO  TC_001_AccountRegistrationTest:37 - Provided Telephone 
2026-01-01 12:31:47 INFO  TC_001_AccountRegistrationTest:40 - Provided Password 
2026-01-01 12:31:47 INFO  TC_001_AccountRegistrationTest:43 - Provided Confrmed Password 
2026-01-01 12:31:47 INFO  TC_001_AccountRegistrationTest:46 - Set Privacy Policy 
2026-01-01 12:31:48 INFO  TC_001_AccountRegistrationTest:49 - Clicked on Continue 
2026-01-01 12:31:50 INFO  TC_001_AccountRegistrationTest:61 - Finished TC_001_AccountRegistrationtTest
2026-01-01 12:31:52 INFO  TC_002_LoginTest:17 - **** Starting TC_002_LoginTest  ****
2026-01-01 12:31:52 INFO  TC_002_LoginTest:24 - clicked on myaccount link on the home page..
2026-01-01 12:31:52 INFO  TC_002_LoginTest:26 - clicked on login link under myaccount..
2026-01-01 12:31:52 INFO  TC_002_LoginTest:30 - Entering valid email and password..
2026-01-01 12:31:52 INFO  TC_002_LoginTest:34 - clicked on ligin button..
2026-01-01 12:35:49 INFO  Utils:112 - [TestNG] Running:
  D:\Asheesh_Project\OpencartV121\master.xml

2026-01-01 12:35:51 INFO  TC_001_AccountRegistrationTest:15 - Strating TC_001_AccountRegistrationtTest
2026-01-01 12:35:51 INFO  TC_001_AccountRegistrationTest:19 - Clicked on My Account 
2026-01-01 12:35:52 INFO  TC_001_AccountRegistrationTest:22 - Clicked on Register 
2026-01-01 12:35:52 INFO  TC_001_AccountRegistrationTest:27 - Provided First Name 
2026-01-01 12:35:52 INFO  TC_001_AccountRegistrationTest:30 - Provided Last Name 
2026-01-01 12:35:52 INFO  TC_001_AccountRegistrationTest:34 - Provided Email 
2026-01-01 12:35:52 INFO  TC_001_AccountRegistrationTest:37 - Provided Telephone 
2026-01-01 12:35:52 INFO  TC_001_AccountRegistrationTest:40 - Provided Password 
2026-01-01 12:35:52 INFO  TC_001_AccountRegistrationTest:43 - Provided Confrmed Password 
2026-01-01 12:35:52 INFO  TC_001_AccountRegistrationTest:46 - Set Privacy Policy 
2026-01-01 12:35:53 INFO  TC_001_AccountRegistrationTest:49 - Clicked on Continue 
2026-01-01 12:35:55 INFO  TC_001_AccountRegistrationTest:61 - Finished TC_001_AccountRegistrationtTest
2026-01-01 12:35:57 INFO  TC_002_LoginTest:17 - **** Starting TC_002_LoginTest  ****
2026-01-01 12:35:57 INFO  TC_002_LoginTest:24 - clicked on myaccount link on the home page..
2026-01-01 12:35:57 INFO  TC_002_LoginTest:26 - clicked on login link under myaccount..
2026-01-01 12:35:57 INFO  TC_002_LoginTest:30 - Entering valid email and password..
2026-01-01 12:35:57 INFO  TC_002_LoginTest:34 - clicked on ligin button..
2026-01-01 12:35:58 INFO  TC_002_LoginTest:48 - **** Finished TC_002_LoginTest  ****
2026-01-01 12:36:26 INFO  Utils:112 - [TestNG] Running:
  D:\Asheesh_Project\OpencartV121\master.xml

2026-01-01 12:36:29 INFO  TC_001_AccountRegistrationTest:15 - Strating TC_001_AccountRegistrationtTest
2026-01-01 12:36:29 INFO  TC_001_AccountRegistrationTest:19 - Clicked on My Account 
2026-01-01 12:36:29 INFO  TC_001_AccountRegistrationTest:22 - Clicked on Register 
2026-01-01 12:36:29 INFO  TC_001_AccountRegistrationTest:27 - Provided First Name 
2026-01-01 12:36:29 INFO  TC_001_AccountRegistrationTest:30 - Provided Last Name 
2026-01-01 12:36:29 INFO  TC_001_AccountRegistrationTest:34 - Provided Email 
2026-01-01 12:36:29 INFO  TC_001_AccountRegistrationTest:37 - Provided Telephone 
2026-01-01 12:36:29 INFO  TC_001_AccountRegistrationTest:40 - Provided Password 
2026-01-01 12:36:30 INFO  TC_001_AccountRegistrationTest:43 - Provided Confrmed Password 
2026-01-01 12:36:30 INFO  TC_001_AccountRegistrationTest:46 - Set Privacy Policy 
2026-01-01 12:36:30 INFO  TC_001_AccountRegistrationTest:49 - Clicked on Continue 
2026-01-01 12:36:32 INFO  TC_001_AccountRegistrationTest:61 - Finished TC_001_AccountRegistrationtTest
2026-01-01 12:36:34 INFO  TC_002_LoginTest:17 - **** Starting TC_002_LoginTest  ****
2026-01-01 12:36:34 INFO  TC_002_LoginTest:24 - clicked on myaccount link on the home page..
2026-01-01 12:36:34 INFO  TC_002_LoginTest:26 - clicked on login link under myaccount..
2026-01-01 12:36:34 INFO  TC_002_LoginTest:30 - Entering valid email and password..
2026-01-01 12:36:34 INFO  TC_002_LoginTest:34 - clicked on ligin button..
2026-01-01 12:36:35 INFO  TC_002_LoginTest:48 - **** Finished TC_002_LoginTest  ****
2026-01-01 21:12:18 INFO  Utils:112 - [TestNG] Running:
  D:\Asheesh_Project\OpencartV121\master.xml

2026-01-01 21:12:22 INFO  TC_001_AccountRegistrationTest:15 - Strating TC_001_AccountRegistrationtTest
2026-01-01 21:12:23 INFO  TC_001_AccountRegistrationTest:19 - Clicked on My Account 
2026-01-01 21:12:23 INFO  TC_001_AccountRegistrationTest:22 - Clicked on Register 
2026-01-01 21:12:23 INFO  TC_001_AccountRegistrationTest:27 - Provided First Name 
2026-01-01 21:12:23 INFO  TC_001_AccountRegistrationTest:30 - Provided Last Name 
2026-01-01 21:12:23 INFO  TC_001_AccountRegistrationTest:34 - Provided Email 
2026-01-01 21:12:23 INFO  TC_001_AccountRegistrationTest:37 - Provided Telephone 
2026-01-01 21:12:23 INFO  TC_001_AccountRegistrationTest:40 - Provided Password 
2026-01-01 21:12:23 INFO  TC_001_AccountRegistrationTest:43 - Provided Confrmed Password 
2026-01-01 21:12:24 INFO  TC_001_AccountRegistrationTest:46 - Set Privacy Policy 
2026-01-01 21:12:25 INFO  TC_001_AccountRegistrationTest:49 - Clicked on Continue 
2026-01-01 21:12:27 INFO  TC_001_AccountRegistrationTest:61 - Finished TC_001_AccountRegistrationtTest
2026-01-01 21:12:29 INFO  TC_002_LoginTest:17 - **** Starting TC_002_LoginTest  ****
2026-01-01 21:12:29 INFO  TC_002_LoginTest:24 - clicked on myaccount link on the home page..
2026-01-01 21:12:29 INFO  TC_002_LoginTest:26 - clicked on login link under myaccount..
2026-01-01 21:12:29 INFO  TC_002_LoginTest:30 - Entering valid email and password..
2026-01-01 21:12:30 INFO  TC_002_LoginTest:34 - clicked on ligin button..
2026-01-01 21:12:30 INFO  TC_002_LoginTest:48 - **** Finished TC_002_LoginTest  ****
2026-01-01 21:12:59 INFO  Utils:112 - [TestNG] Running:
  D:\Asheesh_Project\OpencartV121\grouping.xml

2026-01-01 21:13:01 INFO  TC_001_AccountRegistrationTest:15 - Strating TC_001_AccountRegistrationtTest
2026-01-01 21:13:01 INFO  TC_001_AccountRegistrationTest:19 - Clicked on My Account 
2026-01-01 21:13:02 INFO  TC_001_AccountRegistrationTest:22 - Clicked on Register 
2026-01-01 21:13:02 INFO  TC_001_AccountRegistrationTest:27 - Provided First Name 
2026-01-01 21:13:02 INFO  TC_001_AccountRegistrationTest:30 - Provided Last Name 
2026-01-01 21:13:02 INFO  TC_001_AccountRegistrationTest:34 - Provided Email 
2026-01-01 21:13:02 INFO  TC_001_AccountRegistrationTest:37 - Provided Telephone 
2026-01-01 21:13:02 INFO  TC_001_AccountRegistrationTest:40 - Provided Password 
2026-01-01 21:13:02 INFO  TC_001_AccountRegistrationTest:43 - Provided Confrmed Password 
2026-01-01 21:13:02 INFO  TC_001_AccountRegistrationTest:46 - Set Privacy Policy 
2026-01-01 21:13:03 INFO  TC_001_AccountRegistrationTest:49 - Clicked on Continue 
2026-01-01 21:13:05 INFO  TC_001_AccountRegistrationTest:61 - Finished TC_001_AccountRegistrationtTest
2026-01-01 21:13:07 INFO  TC_002_LoginTest:17 - **** Starting TC_002_LoginTest  ****
2026-01-01 21:13:07 INFO  TC_002_LoginTest:24 - clicked on myaccount link on the home page..
2026-01-01 21:13:07 INFO  TC_002_LoginTest:26 - clicked on login link under myaccount..
2026-01-01 21:13:07 INFO  TC_002_LoginTest:30 - Entering valid email and password..
2026-01-01 21:13:07 INFO  TC_002_LoginTest:34 - clicked on ligin button..
2026-01-01 21:13:08 INFO  TC_002_LoginTest:48 - **** Finished TC_002_LoginTest  ****
2026-01-01 21:17:32 INFO  Utils:112 - [TestNG] Running:
  D:\Asheesh_Project\OpencartV121\grouping.xml

2026-01-01 21:17:35 INFO  TC_001_AccountRegistrationTest:15 - Strating TC_001_AccountRegistrationtTest
2026-01-01 21:17:35 INFO  TC_001_AccountRegistrationTest:19 - Clicked on My Account 
2026-01-01 21:17:35 INFO  TC_001_AccountRegistrationTest:22 - Clicked on Register 
2026-01-01 21:17:35 INFO  TC_001_AccountRegistrationTest:27 - Provided First Name 
2026-01-01 21:17:35 INFO  TC_001_AccountRegistrationTest:30 - Provided Last Name 
2026-01-01 21:17:35 INFO  TC_001_AccountRegistrationTest:34 - Provided Email 
2026-01-01 21:17:36 INFO  TC_001_AccountRegistrationTest:37 - Provided Telephone 
2026-01-01 21:17:36 INFO  TC_001_AccountRegistrationTest:40 - Provided Password 
2026-01-01 21:17:36 INFO  TC_001_AccountRegistrationTest:43 - Provided Confrmed Password 
2026-01-01 21:17:36 INFO  TC_001_AccountRegistrationTest:46 - Set Privacy Policy 
2026-01-01 21:17:36 INFO  TC_001_AccountRegistrationTest:49 - Clicked on Continue 
2026-01-01 21:17:38 INFO  TC_001_AccountRegistrationTest:61 - Finished TC_001_AccountRegistrationtTest
2026-01-01 21:17:40 INFO  TC_002_LoginTest:17 - **** Starting TC_002_LoginTest  ****
2026-01-01 21:17:40 INFO  TC_002_LoginTest:24 - clicked on myaccount link on the home page..
2026-01-01 21:17:41 INFO  TC_002_LoginTest:26 - clicked on login link under myaccount..
2026-01-01 21:17:41 INFO  TC_002_LoginTest:30 - Entering valid email and password..
2026-01-01 21:17:41 INFO  TC_002_LoginTest:34 - clicked on ligin button..
2026-01-01 21:17:41 INFO  TC_002_LoginTest:48 - **** Finished TC_002_LoginTest  ****
2026-01-01 21:22:38 INFO  TC_001_AccountRegistrationTest:15 - Strating TC_001_AccountRegistrationtTest
2026-01-01 21:22:38 INFO  TC_001_AccountRegistrationTest:19 - Clicked on My Account 
2026-01-01 21:22:39 INFO  TC_001_AccountRegistrationTest:22 - Clicked on Register 
2026-01-01 21:22:39 INFO  TC_001_AccountRegistrationTest:27 - Provided First Name 
2026-01-01 21:22:39 INFO  TC_001_AccountRegistrationTest:30 - Provided Last Name 
2026-01-01 21:22:39 INFO  TC_001_AccountRegistrationTest:34 - Provided Email 
2026-01-01 21:22:39 INFO  TC_001_AccountRegistrationTest:37 - Provided Telephone 
2026-01-01 21:22:39 INFO  TC_001_AccountRegistrationTest:40 - Provided Password 
2026-01-01 21:22:39 INFO  TC_001_AccountRegistrationTest:43 - Provided Confrmed Password 
2026-01-01 21:22:39 INFO  TC_001_AccountRegistrationTest:46 - Set Privacy Policy 
2026-01-01 21:22:40 INFO  TC_001_AccountRegistrationTest:49 - Clicked on Continue 
2026-01-01 21:22:42 INFO  TC_001_AccountRegistrationTest:61 - Finished TC_001_AccountRegistrationtTest
2026-01-01 21:22:44 INFO  TC_002_LoginTest:17 - **** Starting TC_002_LoginTest  ****
2026-01-01 21:22:44 INFO  TC_002_LoginTest:24 - clicked on myaccount link on the home page..
2026-01-01 21:22:44 INFO  TC_002_LoginTest:26 - clicked on login link under myaccount..
2026-01-01 21:22:44 INFO  TC_002_LoginTest:30 - Entering valid email and password..
2026-01-01 21:22:45 INFO  TC_002_LoginTest:34 - clicked on ligin button..
2026-01-01 21:22:45 INFO  TC_002_LoginTest:48 - **** Finished TC_002_LoginTest  ****
2026-01-01 21:23:29 INFO  TC_001_AccountRegistrationTest:15 - Strating TC_001_AccountRegistrationtTest
2026-01-01 21:23:29 INFO  TC_001_AccountRegistrationTest:19 - Clicked on My Account 
2026-01-01 21:23:29 INFO  TC_001_AccountRegistrationTest:22 - Clicked on Register 
2026-01-01 21:23:29 INFO  TC_001_AccountRegistrationTest:27 - Provided First Name 
2026-01-01 21:23:29 INFO  TC_001_AccountRegistrationTest:30 - Provided Last Name 
2026-01-01 21:23:29 INFO  TC_001_AccountRegistrationTest:34 - Provided Email 
2026-01-01 21:23:29 INFO  TC_001_AccountRegistrationTest:37 - Provided Telephone 
2026-01-01 21:23:29 INFO  TC_001_AccountRegistrationTest:40 - Provided Password 
2026-01-01 21:23:29 INFO  TC_001_AccountRegistrationTest:43 - Provided Confrmed Password 
2026-01-01 21:23:29 INFO  TC_001_AccountRegistrationTest:46 - Set Privacy Policy 
2026-01-01 21:23:30 INFO  TC_001_AccountRegistrationTest:49 - Clicked on Continue 
2026-01-01 21:23:32 INFO  TC_001_AccountRegistrationTest:61 - Finished TC_001_AccountRegistrationtTest
2026-01-01 21:23:34 INFO  TC_002_LoginTest:17 - **** Starting TC_002_LoginTest  ****
2026-01-01 21:23:34 INFO  TC_002_LoginTest:24 - clicked on myaccount link on the home page..
2026-01-01 21:23:34 INFO  TC_002_LoginTest:26 - clicked on login link under myaccount..
2026-01-01 21:23:34 INFO  TC_002_LoginTest:30 - Entering valid email and password..
2026-01-01 21:23:35 INFO  TC_002_LoginTest:34 - clicked on ligin button..
2026-01-01 21:23:35 INFO  TC_002_LoginTest:48 - **** Finished TC_002_LoginTest  ****
2026-01-01 21:32:01 INFO  Utils:112 - [TestNG] Running:
  D:\Asheesh_Project\OpencartV121\master.xml

2026-01-01 21:32:12 INFO  TC_003_LoginDDT:26 - **** Starting TC_003_LoginDDT *****
2026-01-01 21:32:17 INFO  TC_003_LoginDDT:76 - **** Finished TC_003_LoginDDT *****
2026-01-01 21:32:17 INFO  TC_003_LoginDDT:26 - **** Starting TC_003_LoginDDT *****
2026-01-01 21:32:18 INFO  TC_003_LoginDDT:26 - **** Starting TC_003_LoginDDT *****
2026-01-01 21:32:20 INFO  TC_003_LoginDDT:26 - **** Starting TC_003_LoginDDT *****
2026-01-01 21:32:31 INFO  TC_003_LoginDDT:76 - **** Finished TC_003_LoginDDT *****
2026-01-01 21:32:31 INFO  TC_003_LoginDDT:26 - **** Starting TC_003_LoginDDT *****
2026-01-01 21:32:32 INFO  TC_003_LoginDDT:76 - **** Finished TC_003_LoginDDT *****
